<?xml version="1.0" encoding="UTF-8"?>
<testsuites>
  <testsuite name="fastlane.lanes">
    
    
    
      
      <testcase classname="fastlane.lanes" name="0: cocoapods" time="3.882978">
        
      </testcase>
    
      
      <testcase classname="fastlane.lanes" name="1: git_add" time="0.121145">
        
      </testcase>
    
      
      <testcase classname="fastlane.lanes" name="2: git_commit" time="0.102884">
        
      </testcase>
    
      
      <testcase classname="fastlane.lanes" name="3: push_to_git_remote" time="6.116178">
        
      </testcase>
    
      
      <testcase classname="fastlane.lanes" name="4: add_git_tag" time="0.018287">
        
      </testcase>
    
      
      <testcase classname="fastlane.lanes" name="5: push_git_tags" time="5.602349">
        
      </testcase>
    
      
      <testcase classname="fastlane.lanes" name="6: pod_lib_lint" time="0.258797">
        
          <failure message="/Library/Ruby/Gems/2.3.0/gems/fastlane-2.98.0/fastlane/lib/fastlane/actions/actions_helper.rb:48:in `execute_action'&#10;/Library/Ruby/Gems/2.3.0/gems/fastlane-2.98.0/fastlane/lib/fastlane/runner.rb:236:in `block in execute_action'&#10;/Library/Ruby/Gems/2.3.0/gems/fastlane-2.98.0/fastlane/lib/fastlane/runner.rb:231:in `chdir'&#10;/Library/Ruby/Gems/2.3.0/gems/fastlane-2.98.0/fastlane/lib/fastlane/runner.rb:231:in `execute_action'&#10;/Library/Ruby/Gems/2.3.0/gems/fastlane-2.98.0/fastlane/lib/fastlane/runner.rb:157:in `trigger_action_by_name'&#10;/Library/Ruby/Gems/2.3.0/gems/fastlane-2.98.0/fastlane/lib/fastlane/fast_file.rb:149:in `method_missing'&#10;Fastfile:32:in `block in parsing_binding'&#10;/Library/Ruby/Gems/2.3.0/gems/fastlane-2.98.0/fastlane/lib/fastlane/lane.rb:33:in `call'&#10;/Library/Ruby/Gems/2.3.0/gems/fastlane-2.98.0/fastlane/lib/fastlane/runner.rb:49:in `block in execute'&#10;/Library/Ruby/Gems/2.3.0/gems/fastlane-2.98.0/fastlane/lib/fastlane/runner.rb:45:in `chdir'&#10;/Library/Ruby/Gems/2.3.0/gems/fastlane-2.98.0/fastlane/lib/fastlane/runner.rb:45:in `execute'&#10;/Library/Ruby/Gems/2.3.0/gems/fastlane-2.98.0/fastlane/lib/fastlane/lane_manager.rb:59:in `cruise_lane'&#10;/Library/Ruby/Gems/2.3.0/gems/fastlane-2.98.0/fastlane/lib/fastlane/command_line_handler.rb:36:in `handle'&#10;/Library/Ruby/Gems/2.3.0/gems/fastlane-2.98.0/fastlane/lib/fastlane/commands_generator.rb:107:in `block (2 levels) in run'&#10;/Library/Ruby/Gems/2.3.0/gems/commander-fastlane-4.4.6/lib/commander/command.rb:178:in `call'&#10;/Library/Ruby/Gems/2.3.0/gems/commander-fastlane-4.4.6/lib/commander/command.rb:153:in `run'&#10;/Library/Ruby/Gems/2.3.0/gems/commander-fastlane-4.4.6/lib/commander/runner.rb:476:in `run_active_command'&#10;/Library/Ruby/Gems/2.3.0/gems/fastlane-2.98.0/fastlane_core/lib/fastlane_core/ui/fastlane_runner.rb:75:in `run!'&#10;/Library/Ruby/Gems/2.3.0/gems/commander-fastlane-4.4.6/lib/commander/delegates.rb:15:in `run!'&#10;/Library/Ruby/Gems/2.3.0/gems/fastlane-2.98.0/fastlane/lib/fastlane/commands_generator.rb:332:in `run'&#10;/Library/Ruby/Gems/2.3.0/gems/fastlane-2.98.0/fastlane/lib/fastlane/commands_generator.rb:41:in `start'&#10;/Library/Ruby/Gems/2.3.0/gems/fastlane-2.98.0/fastlane/lib/fastlane/cli_tools_distributor.rb:108:in `take_off'&#10;/Library/Ruby/Gems/2.3.0/gems/fastlane-2.98.0/bin/fastlane:20:in `&lt;top (required)&gt;'&#10;/usr/local/bin/fastlane:22:in `load'&#10;/usr/local/bin/fastlane:22:in `&lt;main&gt;'&#10;&#10;Exit status of command 'bundle exec pod lib lint --allow-warnings --private' was 1 instead of 0.&#10;bundler: failed to load command: pod (/usr/local/bin/pod)&#10;Gem::Exception: can't find executable pod for gem cocoapods. cocoapods is not currently included in the bundle, perhaps you meant to add it to your Gemfile?&#10;  /Library/Ruby/Gems/2.3.0/gems/bundler-1.16.1/lib/bundler/rubygems_integration.rb:458:in `block in replace_bin_path'&#10;  /Library/Ruby/Gems/2.3.0/gems/bundler-1.16.1/lib/bundler/rubygems_integration.rb:489:in `block in replace_bin_path'&#10;  /usr/local/bin/pod:22:in `&lt;top (required)&gt;'&#10;" />
        
      </testcase>
    
  </testsuite>
</testsuites>
